Using pre-set license
Built from '2021.3/staging' branch; Version is '2021.3.5f1 (40eb3a945986) revision 4254522'; Using compiler version '192829333'; Build Type 'Release'
OS: 'Windows 10  (10.0.19044) 64bit Core' Language: 'tr' Physical Memory: 12157 MB
BatchMode: 1, IsHumanControllingUs: 0, StartBugReporterOnCrash: 0, Is64bit: 1, IsPro: 1

COMMAND LINE ARGUMENTS:
C:\Program Files\Unity\Hub\Editor\2021.3.5f1\Editor\Unity.exe
-adb2
-batchMode
-noUpm
-name
AssetImportWorker0
-projectPath
C:/Users/humut/OneDrive/Masaüstü/RTS Camera Container/RTS Camera
-logFile
Logs/AssetImportWorker0.log
-srvPort
50182
Successfully changed project path to: C:/Users/humut/OneDrive/Masaüstü/RTS Camera Container/RTS Camera
C:/Users/humut/OneDrive/Masaüstü/RTS Camera Container/RTS Camera
[UnityMemory] Configuration Parameters - Can be set up in boot.config
    "memorysetup-bucket-allocator-granularity=16"
    "memorysetup-bucket-allocator-bucket-count=8"
    "memorysetup-bucket-allocator-block-size=33554432"
    "memorysetup-bucket-allocator-block-count=8"
    "memorysetup-main-allocator-block-size=16777216"
    "memorysetup-thread-allocator-block-size=16777216"
    "memorysetup-gfx-main-allocator-block-size=16777216"
    "memorysetup-gfx-thread-allocator-block-size=16777216"
    "memorysetup-cache-allocator-block-size=4194304"
    "memorysetup-typetree-allocator-block-size=2097152"
    "memorysetup-profiler-bucket-allocator-granularity=16"
    "memorysetup-profiler-bucket-allocator-bucket-count=8"
    "memorysetup-profiler-bucket-allocator-block-size=33554432"
    "memorysetup-profiler-bucket-allocator-block-count=8"
    "memorysetup-profiler-allocator-block-size=16777216"
    "memorysetup-profiler-editor-allocator-block-size=1048576"
    "memorysetup-temp-allocator-size-main=16777216"
    "memorysetup-job-temp-allocator-block-size=2097152"
    "memorysetup-job-temp-allocator-block-size-background=1048576"
    "memorysetup-job-temp-allocator-reduction-small-platforms=262144"
    "memorysetup-temp-allocator-size-background-worker=32768"
    "memorysetup-temp-allocator-size-job-worker=262144"
    "memorysetup-temp-allocator-size-preload-manager=33554432"
    "memorysetup-temp-allocator-size-nav-mesh-worker=65536"
    "memorysetup-temp-allocator-size-audio-worker=65536"
    "memorysetup-temp-allocator-size-cloud-worker=32768"
    "memorysetup-temp-allocator-size-gi-baking-worker=262144"
    "memorysetup-temp-allocator-size-gfx=262144"
Refreshing native plugins compatible for Editor in 96.10 ms, found 3 plugins.
Preloading 0 native plugins for Editor in 0.00 ms.
Initialize engine version: 2021.3.5f1 (40eb3a945986)
[Subsystems] Discovering subsystems at path C:/Program Files/Unity/Hub/Editor/2021.3.5f1/Editor/Data/Resources/UnitySubsystems
[Subsystems] Discovering subsystems at path C:/Users/humut/OneDrive/Masaüstü/RTS Camera Container/RTS Camera/Assets
GfxDevice: creating device client; threaded=0; jobified=0
Direct3D:
    Version:  Direct3D 11.0 [level 11.0]
    Renderer: NVIDIA GeForce GTX 750 Ti (ID=0x1380)
    Vendor:   NVIDIA
    VRAM:     2007 MB
    Driver:   30.0.15.1215
Initialize mono
Mono path[0] = 'C:/Program Files/Unity/Hub/Editor/2021.3.5f1/Editor/Data/Managed'
Mono path[1] = 'C:/Program Files/Unity/Hub/Editor/2021.3.5f1/Editor/Data/MonoBleedingEdge/lib/mono/unityjit-win32'
Mono config path = 'C:/Program Files/Unity/Hub/Editor/2021.3.5f1/Editor/Data/MonoBleedingEdge/etc'
Using monoOptions --debugger-agent=transport=dt_socket,embedding=1,server=y,suspend=n,address=127.0.0.1:56352
Begin MonoManager ReloadAssembly
Registering precompiled unity dll's ...
Register platform support module: C:/Program Files/Unity/Hub/Editor/2021.3.5f1/Editor/Data/PlaybackEngines/MacStandaloneSupport/UnityEditor.OSXStandalone.Extensions.dll
Register platform support module: C:/Program Files/Unity/Hub/Editor/2021.3.5f1/Editor/Data/PlaybackEngines/AndroidPlayer/UnityEditor.Android.Extensions.dll
Register platform support module: C:/Program Files/Unity/Hub/Editor/2021.3.5f1/Editor/Data/PlaybackEngines/iOSSupport/UnityEditor.iOS.Extensions.dll
Register platform support module: C:/Program Files/Unity/Hub/Editor/2021.3.5f1/Editor/Data/PlaybackEngines/WindowsStandaloneSupport/UnityEditor.WindowsStandalone.Extensions.dll
Register platform support module: C:/Program Files/Unity/Hub/Editor/2021.3.5f1/Editor/Data/PlaybackEngines/LinuxStandaloneSupport/UnityEditor.LinuxStandalone.Extensions.dll
Register platform support module: C:/Program Files/Unity/Hub/Editor/2021.3.5f1/Editor/Data/PlaybackEngines/MetroSupport/UnityEditor.UWP.Extensions.dll
Registered in 0.016687 seconds.
Native extension for UWP target not found
Native extension for LinuxStandalone target not found
Native extension for WindowsStandalone target not found
[usbmuxd] Start listen thread
[usbmuxd] Listen thread started
[usbmuxd] Send listen message
Native extension for iOS target not found
Native extension for Android target not found
Native extension for OSXStandalone target not found
Refreshing native plugins compatible for Editor in 86.41 ms, found 3 plugins.
Preloading 0 native plugins for Editor in 0.00 ms.
Mono: successfully reloaded assembly
- Completed reload, in  0.854 seconds
Domain Reload Profiling:
	ReloadAssembly (855ms)
		BeginReloadAssembly (87ms)
			ExecutionOrderSort (0ms)
			DisableScriptedObjects (0ms)
			BackupInstance (0ms)
			ReleaseScriptingObjects (0ms)
			CreateAndSetChildDomain (1ms)
		EndReloadAssembly (617ms)
			LoadAssemblies (85ms)
			RebuildTransferFunctionScriptingTraits (0ms)
			SetupTypeCache (152ms)
			ReleaseScriptCaches (0ms)
			RebuildScriptCaches (38ms)
			SetupLoadedEditorAssemblies (361ms)
				LogAssemblyErrors (0ms)
				InitializePlatformSupportModulesInManaged (96ms)
				SetLoadedEditorAssemblies (0ms)
				RefreshPlugins (86ms)
				BeforeProcessingInitializeOnLoad (1ms)
				ProcessInitializeOnLoadAttributes (119ms)
				ProcessInitializeOnLoadMethodAttributes (57ms)
				AfterProcessingInitializeOnLoad (0ms)
				EditorAssembliesLoaded (0ms)
			ExecutionOrderSort2 (0ms)
			AwakeInstancesAfterBackupRestoration (0ms)
Platform modules already initialized, skipping
Registering precompiled user dll's ...
Registered in 0.006803 seconds.
Begin MonoManager ReloadAssembly
Symbol file LoadedFromMemory doesn't match image C:\Users\humut\OneDrive\Masaüstü\RTS Camera Container\RTS Camera\Library\PackageCache\com.unity.visualscripting@1.7.8\Editor\VisualScripting.Core\Dependencies\YamlDotNet\Unity.VisualScripting.YamlDotNet.dll
Symbol file LoadedFromMemory doesn't match image C:\Users\humut\OneDrive\Masaüstü\RTS Camera Container\RTS Camera\Library\PackageCache\com.unity.visualscripting@1.7.8\Editor\VisualScripting.Core\Dependencies\DotNetZip\Unity.VisualScripting.IonicZip.dll
Native extension for UWP target not found
Native extension for LinuxStandalone target not found
Native extension for WindowsStandalone target not found
Native extension for iOS target not found
Native extension for Android target not found
Native extension for OSXStandalone target not found
Refreshing native plugins compatible for Editor in 0.63 ms, found 3 plugins.
Preloading 0 native plugins for Editor in 0.00 ms.
Mono: successfully reloaded assembly
- Completed reload, in  1.371 seconds
Domain Reload Profiling:
	ReloadAssembly (1372ms)
		BeginReloadAssembly (259ms)
			ExecutionOrderSort (0ms)
			DisableScriptedObjects (7ms)
			BackupInstance (0ms)
			ReleaseScriptingObjects (0ms)
			CreateAndSetChildDomain (138ms)
		EndReloadAssembly (965ms)
			LoadAssemblies (98ms)
			RebuildTransferFunctionScriptingTraits (0ms)
			SetupTypeCache (301ms)
			ReleaseScriptCaches (1ms)
			RebuildScriptCaches (63ms)
			SetupLoadedEditorAssemblies (451ms)
				LogAssemblyErrors (0ms)
				InitializePlatformSupportModulesInManaged (46ms)
				SetLoadedEditorAssemblies (1ms)
				RefreshPlugins (1ms)
				BeforeProcessingInitializeOnLoad (93ms)
				ProcessInitializeOnLoadAttributes (265ms)
				ProcessInitializeOnLoadMethodAttributes (35ms)
				AfterProcessingInitializeOnLoad (10ms)
				EditorAssembliesLoaded (0ms)
			ExecutionOrderSort2 (0ms)
			AwakeInstancesAfterBackupRestoration (9ms)
Platform modules already initialized, skipping
========================================================================
Worker process is ready to serve import requests
Launched and connected shader compiler UnityShaderCompiler.exe after 0.05 seconds
Refreshing native plugins compatible for Editor in 0.67 ms, found 3 plugins.
Preloading 0 native plugins for Editor in 0.00 ms.
Unloading 3250 Unused Serialized files (Serialized files now loaded: 0)
Unloading 24 unused Assets / (55.3 KB). Loaded Objects now: 3714.
Memory consumption went from 112.6 MB to 112.5 MB.
Total: 3.702600 ms (FindLiveObjects: 0.336000 ms CreateObjectMapping: 0.182100 ms MarkObjects: 3.086100 ms  DeleteObjects: 0.096600 ms)

AssetImportParameters requested are different than current active one (requested -> active):
  custom:video-decoder-ogg-theora: a1e56fd34408186e4bbccfd4996cb3dc -> 
  custom:container-muxer-webm: aa71ff27fc2769a1b78a27578f13a17b -> 
  custom:container-demuxer-webm: 4f35f7cbe854078d1ac9338744f61a02 -> 
  custom:video-encoder-webm-vp8: eb34c28f22e8b96e1ab97ce403110664 -> 
  custom:audio-encoder-webm-vorbis: bf7c407c2cedff20999df2af8eb42d56 -> 
  custom:framework-win-MediaFoundation: 216162199b28c13a410421893ffa2e32 -> 
  custom:container-demuxer-ogg: 62fdf1f143b41e24485cea50d1cbac27 -> 
  custom:video-decoder-webm-vp8: 9c59270c3fd7afecdb556c50c9e8de78 -> 
  custom:audio-decoder-ogg-vorbis: bf7c407c2cedff20999df2af8eb42d56 -> 
========================================================================
Received Import Request.
  Time since last request: 25525.577784 seconds.
  path: Assets
  artifactKey: Guid(00000000000000001000000000000000) Importer(815301076,1909f56bfc062723c751e8b465ee728b)
Start importing Assets using Guid(00000000000000001000000000000000) Importer(815301076,1909f56bfc062723c751e8b465ee728b)  -> (artifact id: '79842766b460edbeab6a34051e857a80') in 0.012380 seconds 
========================================================================
Received Import Request.
  Time since last request: 15.417480 seconds.
  path: Assets/Test/Materials/Ground.mat
  artifactKey: Guid(b7ec9dc7fe493f043adecd8f272a3031) Importer(815301076,1909f56bfc062723c751e8b465ee728b)
Start importing Assets/Test/Materials/Ground.mat using Guid(b7ec9dc7fe493f043adecd8f272a3031) Importer(815301076,1909f56bfc062723c751e8b465ee728b)  -> (artifact id: '8588909278986a65b78963a95d5af75e') in 0.150288 seconds 
========================================================================
Received Import Request.
  Time since last request: 0.000029 seconds.
  path: Assets/Test/Materials/Human Material.mat
  artifactKey: Guid(f3e6b4b9b8ca89a4aa608a632deae2a4) Importer(815301076,1909f56bfc062723c751e8b465ee728b)
Start importing Assets/Test/Materials/Human Material.mat using Guid(f3e6b4b9b8ca89a4aa608a632deae2a4) Importer(815301076,1909f56bfc062723c751e8b465ee728b)  -> (artifact id: '836b09beaec86df3d0990636dc456056') in 0.021099 seconds 
========================================================================
Received Import Request.
  Time since last request: 0.000044 seconds.
  path: Assets/Test/Materials/Blue.mat
  artifactKey: Guid(515f22ff923e4fb46919c434b5b23109) Importer(815301076,1909f56bfc062723c751e8b465ee728b)
Start importing Assets/Test/Materials/Blue.mat using Guid(515f22ff923e4fb46919c434b5b23109) Importer(815301076,1909f56bfc062723c751e8b465ee728b)  -> (artifact id: '82ced1db9d8e5c31f567cbb8461f4d7c') in 0.016139 seconds 
========================================================================
Received Import Request.
  Time since last request: 0.038156 seconds.
  path: Assets/Scripts
  artifactKey: Guid(f5cda2e31c0f37a4a9e4c3639f544d50) Importer(815301076,1909f56bfc062723c751e8b465ee728b)
Start importing Assets/Scripts using Guid(f5cda2e31c0f37a4a9e4c3639f544d50) Importer(815301076,1909f56bfc062723c751e8b465ee728b)  -> (artifact id: 'db2190fa771c2445126332e36100445e') in 0.006149 seconds 
========================================================================
Received Import Request.
  Time since last request: 0.000698 seconds.
  path: Assets/Test
  artifactKey: Guid(e1473750abfbf404c9e2bcc999b812a1) Importer(815301076,1909f56bfc062723c751e8b465ee728b)
Start importing Assets/Test using Guid(e1473750abfbf404c9e2bcc999b812a1) Importer(815301076,1909f56bfc062723c751e8b465ee728b)  -> (artifact id: '77666c0db7493bb46c9f5769c36b1686') in 0.006761 seconds 
========================================================================
Received Import Request.
  Time since last request: 0.003346 seconds.
  path: Assets/Test/Materials/Yellow.mat
  artifactKey: Guid(bbe79d7eb579baf4486f4b2b30fa5825) Importer(815301076,1909f56bfc062723c751e8b465ee728b)
Start importing Assets/Test/Materials/Yellow.mat using Guid(bbe79d7eb579baf4486f4b2b30fa5825) Importer(815301076,1909f56bfc062723c751e8b465ee728b)  -> (artifact id: 'ca1c4f74f0af736165de58a1f0fd41ca') in 0.014086 seconds 
========================================================================
Received Import Request.
  Time since last request: 0.002502 seconds.
  path: Assets/Test/Materials/Orange.mat
  artifactKey: Guid(2c18a9c2685a78a4981a4e717f195b94) Importer(815301076,1909f56bfc062723c751e8b465ee728b)
Start importing Assets/Test/Materials/Orange.mat using Guid(2c18a9c2685a78a4981a4e717f195b94) Importer(815301076,1909f56bfc062723c751e8b465ee728b)  -> (artifact id: 'f09283bdbe3a56207430760df62a2de1') in 0.014386 seconds 
========================================================================
Received Import Request.
  Time since last request: 0.003739 seconds.
  path: Assets/Test/Materials/Pink.mat
  artifactKey: Guid(2117002bb2e041a48af59b4af861b4a2) Importer(815301076,1909f56bfc062723c751e8b465ee728b)
Start importing Assets/Test/Materials/Pink.mat using Guid(2117002bb2e041a48af59b4af861b4a2) Importer(815301076,1909f56bfc062723c751e8b465ee728b)  -> (artifact id: 'a95bca2b9dc4b4809f091e1af9e25e14') in 0.013872 seconds 
========================================================================
Received Import Request.
  Time since last request: 0.003460 seconds.
  path: Assets/Test/Materials/Green.mat
  artifactKey: Guid(73a8cfffed66c5e44b79dec06dc57234) Importer(815301076,1909f56bfc062723c751e8b465ee728b)
Start importing Assets/Test/Materials/Green.mat using Guid(73a8cfffed66c5e44b79dec06dc57234) Importer(815301076,1909f56bfc062723c751e8b465ee728b)  -> (artifact id: '4deed8988e0545ca73418259c723ef66') in 0.014000 seconds 
========================================================================
Received Import Request.
  Time since last request: 0.001059 seconds.
  path: Assets/Scripts/Camera
  artifactKey: Guid(63c414cc9b2021d48b1b76d74458e3eb) Importer(815301076,1909f56bfc062723c751e8b465ee728b)
Start importing Assets/Scripts/Camera using Guid(63c414cc9b2021d48b1b76d74458e3eb) Importer(815301076,1909f56bfc062723c751e8b465ee728b)  -> (artifact id: 'fa1a5e7bace497bfd131fc8ebb12945f') in 0.006116 seconds 
========================================================================
Received Import Request.
  Time since last request: 0.007018 seconds.
  path: Assets/Scripts/Extensions.cs
  artifactKey: Guid(a4882b7268544f74cb4786f18b7b2634) Importer(815301076,1909f56bfc062723c751e8b465ee728b)
Start importing Assets/Scripts/Extensions.cs using Guid(a4882b7268544f74cb4786f18b7b2634) Importer(815301076,1909f56bfc062723c751e8b465ee728b)  -> (artifact id: '7c4cfabd7612799d4acb48674d346800') in 0.011979 seconds 
========================================================================
Received Import Request.
  Time since last request: 0.003362 seconds.
  path: Assets/Scripts/Camera/CameraController.cs
  artifactKey: Guid(896e785ee4e33b742b40007a4c1090a1) Importer(815301076,1909f56bfc062723c751e8b465ee728b)
Start importing Assets/Scripts/Camera/CameraController.cs using Guid(896e785ee4e33b742b40007a4c1090a1) Importer(815301076,1909f56bfc062723c751e8b465ee728b)  -> (artifact id: '03ad88e04fa5fcf097df9154416f9c56') in 0.006273 seconds 
========================================================================
Received Import Request.
  Time since last request: 0.003236 seconds.
  path: Assets/Test/Test.unity
  artifactKey: Guid(99c9720ab356a0642a771bea13969a05) Importer(815301076,1909f56bfc062723c751e8b465ee728b)
Start importing Assets/Test/Test.unity using Guid(99c9720ab356a0642a771bea13969a05) Importer(815301076,1909f56bfc062723c751e8b465ee728b)  -> (artifact id: '8a586bdf5d94ae551b6587c6215b0bb6') in 0.006432 seconds 
========================================================================
Received Import Request.
  Time since last request: 0.003340 seconds.
  path: Assets/Scripts/HarmonicMovement.cs
  artifactKey: Guid(167e2402e2e483441a585982bdb41a98) Importer(815301076,1909f56bfc062723c751e8b465ee728b)
Start importing Assets/Scripts/HarmonicMovement.cs using Guid(167e2402e2e483441a585982bdb41a98) Importer(815301076,1909f56bfc062723c751e8b465ee728b)  -> (artifact id: 'b86b8459d98c1970cebf7ac3a9c77a2e') in 0.007488 seconds 
